<?xml version="1.0" encoding="UTF-8"?>
<!-- Generated by org.testng.reporters.JUnitXMLReporter -->
<testsuite hostname="DESKTOP-NMGB7R5" ignored="4" name="Test" tests="19" failures="0" timestamp="2022-04-25T00:19:13 GST" time="114.234" errors="0">
  <testcase name="validateExplorePageTextTest" time="0.269" classname="com.jungle.testcases.MarketPageTest"/>
  <testcase name="validateMarketPageUrlTest" time="0.204" classname="com.jungle.testcases.MarketPageTest"/>
  <testcase name="validateMarketSubCategoryTest" time="0.182" classname="com.jungle.testcases.MarketPageTest"/>
  <testcase name="doSunscribeTest" time="3.974" classname="com.jungle.testcases.LandingPageTest"/>
  <testcase name="landingPageContentVerificationTest" time="0.155" classname="com.jungle.testcases.LandingPageTest"/>
  <testcase name="validateConnectWalletButtonTest" time="0.169" classname="com.jungle.testcases.LandingPageTest"/>
  <testcase name="validateLandingPageUrlTest" time="0.028" classname="com.jungle.testcases.LandingPageTest"/>
  <testcase name="validateLogoTest" time="0.155" classname="com.jungle.testcases.LandingPageTest"/>
  <testcase name="validatePageTitleTest" time="0.026" classname="com.jungle.testcases.LandingPageTest"/>
  <testcase name="validateSignUpLinkIsPresentTest" time="0.13" classname="com.jungle.testcases.LandingPageTest"/>
  <testcase name="validateHowItWorkPageUrlTest" time="0.195" classname="com.jungle.testcases.HowItWorksPageTest"/>
  <testcase name="validateHowItWorkeadingTextTest" time="0.179" classname="com.jungle.testcases.HowItWorksPageTest"/>
  <testcase name="validateSubHeadingTextTest" time="0.159" classname="com.jungle.testcases.HowItWorksPageTest"/>
  <testcase name="FAQsContentVerificationTest" time="3.106" classname="com.jungle.testcases.ResourcesPageTest"/>
  <testcase name="validateResoucePageUrlTest" time="1.383" classname="com.jungle.testcases.ResourcesPageTest"/>
  <testcase name="validateResourceHeadingTextFAQsTest" time="2.991" classname="com.jungle.testcases.ResourcesPageTest"/>
  <testcase name="validateResourceSubHeadingTextFAQsTest" time="2.416" classname="com.jungle.testcases.ResourcesPageTest"/>
  <testcase name="validateExplorePageTextTest" time="0.205" classname="com.jungle.testcases.ExplorePageTest"/>
  <testcase name="validateExplorePageUrlTest" time="0.205" classname="com.jungle.testcases.ExplorePageTest"/>
  <testcase name="@BeforeSuite loadConfig" time="0.0" classname="com.jungle.base.BaseClass">
    <ignored/>
  </testcase> <!-- @BeforeSuite loadConfig -->
  <testcase name="@BeforeSuite loadConfig" time="0.0" classname="com.jungle.base.BaseClass">
    <ignored/>
  </testcase> <!-- @BeforeSuite loadConfig -->
  <testcase name="@BeforeSuite loadConfig" time="0.0" classname="com.jungle.base.BaseClass">
    <ignored/>
  </testcase> <!-- @BeforeSuite loadConfig -->
  <testcase name="@BeforeSuite loadConfig" time="0.0" classname="com.jungle.base.BaseClass">
    <ignored/>
  </testcase> <!-- @BeforeSuite loadConfig -->
</testsuite> <!-- Test -->
