<?xml version="1.0" encoding="UTF-8"?>
<!-- Generated by org.testng.reporters.JUnitXMLReporter -->
<testsuite hostname="DESKTOP-NMGB7R5" ignored="0" name="Default test" tests="2" failures="0" timestamp="2022-04-25T03:45:38 GST" time="12.157" errors="0">
  <testcase name="validateExplorePageTextTest" time="0.391" classname="com.jungle.testcases.ExplorePageTest"/>
  <testcase name="validateExplorePageUrlTest" time="0.52" classname="com.jungle.testcases.ExplorePageTest"/>
</testsuite> <!-- Default test -->
