<?xml version="1.0" encoding="UTF-8"?>
<testng-results skipped="0" failed="0" ignored="0" total="2" passed="2">
  <reporter-output>
  </reporter-output>
  <suite name="Default suite" duration-ms="12157" started-at="2022-04-25T03:45:26 GST" finished-at="2022-04-25T03:45:38 GST">
    <groups>
    </groups>
    <test name="Default test" duration-ms="12157" started-at="2022-04-25T03:45:26 GST" finished-at="2022-04-25T03:45:38 GST">
      <class name="com.jungle.testcases.ExplorePageTest">
        <test-method status="PASS" signature="loadConfig()[pri:0, instance:com.jungle.testcases.ExplorePageTest@46daef40]" name="loadConfig" is-config="true" duration-ms="326" started-at="2022-04-25T03:45:26 GST" finished-at="2022-04-25T03:45:26 GST">
          <reporter-output>
          </reporter-output>
        </test-method> <!-- loadConfig -->
        <test-method status="PASS" signature="setUp()[pri:0, instance:com.jungle.testcases.ExplorePageTest@46daef40]" name="setUp" is-config="true" duration-ms="5962" started-at="2022-04-25T03:45:26 GST" finished-at="2022-04-25T03:45:32 GST">
          <reporter-output>
          </reporter-output>
        </test-method> <!-- setUp -->
        <test-method status="PASS" signature="validateExplorePageTextTest()[pri:0, instance:com.jungle.testcases.ExplorePageTest@46daef40]" name="validateExplorePageTextTest" duration-ms="391" started-at="2022-04-25T03:45:32 GST" finished-at="2022-04-25T03:45:32 GST">
          <reporter-output>
          </reporter-output>
        </test-method> <!-- validateExplorePageTextTest -->
        <test-method status="PASS" signature="tearDown()[pri:0, instance:com.jungle.testcases.ExplorePageTest@46daef40]" name="tearDown" is-config="true" duration-ms="839" started-at="2022-04-25T03:45:32 GST" finished-at="2022-04-25T03:45:33 GST">
          <reporter-output>
          </reporter-output>
        </test-method> <!-- tearDown -->
        <test-method status="PASS" signature="setUp()[pri:0, instance:com.jungle.testcases.ExplorePageTest@46daef40]" name="setUp" is-config="true" duration-ms="3535" started-at="2022-04-25T03:45:33 GST" finished-at="2022-04-25T03:45:37 GST">
          <reporter-output>
          </reporter-output>
        </test-method> <!-- setUp -->
        <test-method status="PASS" signature="validateExplorePageUrlTest()[pri:0, instance:com.jungle.testcases.ExplorePageTest@46daef40]" name="validateExplorePageUrlTest" duration-ms="520" started-at="2022-04-25T03:45:37 GST" finished-at="2022-04-25T03:45:37 GST">
          <reporter-output>
          </reporter-output>
        </test-method> <!-- validateExplorePageUrlTest -->
        <test-method status="PASS" signature="tearDown()[pri:0, instance:com.jungle.testcases.ExplorePageTest@46daef40]" name="tearDown" is-config="true" duration-ms="850" started-at="2022-04-25T03:45:37 GST" finished-at="2022-04-25T03:45:38 GST">
          <reporter-output>
          </reporter-output>
        </test-method> <!-- tearDown -->
        <test-method status="PASS" signature="afterSuite()[pri:0, instance:com.jungle.testcases.ExplorePageTest@46daef40]" name="afterSuite" is-config="true" duration-ms="3" started-at="2022-04-25T03:45:38 GST" finished-at="2022-04-25T03:45:38 GST">
          <reporter-output>
          </reporter-output>
        </test-method> <!-- afterSuite -->
      </class> <!-- com.jungle.testcases.ExplorePageTest -->
    </test> <!-- Default test -->
  </suite> <!-- Default suite -->
</testng-results>
